<?xml version="1.0" encoding="utf-8"?><testsuites><testsuite errors="0" failures="0" hostname="e36f831ac4d4" name="pytest" skipped="0" tests="14" time="3.124" timestamp="2026-06-14T21:46:34.546544"><testcase classname="test.rest.api_test.TestApi" name="test_api_add" time="0.010"></testcase><testcase classname="test.rest.api_test.TestApi" name="test_api_add_falla_con_datos_errados" time="0.009"></testcase><testcase classname="test.rest.api_test.TestApi" name="test_api_divide" time="0.003"></testcase><testcase classname="test.rest.api_test.TestApi" name="test_api_divide_falla_con_datos_errados" time="0.029"></testcase><testcase classname="test.rest.api_test.TestApi" name="test_api_log10" time="0.003"></testcase><testcase classname="test.rest.api_test.TestApi" name="test_api_log10_falla_con_datos_errados" time="0.008"></testcase><testcase classname="test.rest.api_test.TestApi" name="test_api_multiply" time="0.010"></testcase><testcase classname="test.rest.api_test.TestApi" name="test_api_multiply_falla_con_datos_errados" time="0.008"></testcase><testcase classname="test.rest.api_test.TestApi" name="test_api_power" time="0.010"></testcase><testcase classname="test.rest.api_test.TestApi" name="test_api_power_falla_con_datos_errados" time="0.014"></testcase><testcase classname="test.rest.api_test.TestApi" name="test_api_sqrt" time="0.005"></testcase><testcase classname="test.rest.api_test.TestApi" name="test_api_sqrt_falla_con_datos_errados" time="0.007"></testcase><testcase classname="test.rest.api_test.TestApi" name="test_api_substract" time="0.005"></testcase><testcase classname="test.rest.api_test.TestApi" name="test_api_substract_falla_con_datos_errados" time="0.009"></testcase></testsuite></testsuites>