<?xml version="1.0" encoding="utf-8"?><testsuites><testsuite errors="0" failures="0" hostname="f95b1b5dcf4e" name="pytest" skipped="0" tests="34" time="4.161" timestamp="2026-06-15T00:40:58.485905"><testcase classname="test.unit.calc_test.TestCalculate" name="test_add_method_fails_with_invalid_permissions" time="0.006"></testcase><testcase classname="test.unit.calc_test.TestCalculate" name="test_add_method_fails_with_nan_parameter" time="0.001"></testcase><testcase classname="test.unit.calc_test.TestCalculate" name="test_add_method_falla_con_datos_errados" time="0.001"></testcase><testcase classname="test.unit.calc_test.TestCalculate" name="test_add_method_returns_correct_result" time="0.000"></testcase><testcase classname="test.unit.calc_test.TestCalculate" name="test_add_method_returns_correct_result_with_permissions" time="0.001"></testcase><testcase classname="test.unit.calc_test.TestCalculate" name="test_divide_method_fails_with_division_by_zero" time="0.001"></testcase><testcase classname="test.unit.calc_test.TestCalculate" name="test_divide_method_fails_with_invalid_permissions" time="0.001"></testcase><testcase classname="test.unit.calc_test.TestCalculate" name="test_divide_method_fails_with_nan_parameter" time="0.001"></testcase><testcase classname="test.unit.calc_test.TestCalculate" name="test_divide_method_returns_correct_result" time="0.000"></testcase><testcase classname="test.unit.calc_test.TestCalculate" name="test_divide_method_returns_correct_result_with_permissions" time="0.001"></testcase><testcase classname="test.unit.calc_test.TestCalculate" name="test_log10_method_fails_with_invalid_permissions" time="0.001"></testcase><testcase classname="test.unit.calc_test.TestCalculate" name="test_log10_method_falla_con_datos_errados" time="0.001"></testcase><testcase classname="test.unit.calc_test.TestCalculate" name="test_log10_method_returns_correct_result" time="0.001"></testcase><testcase classname="test.unit.calc_test.TestCalculate" name="test_log10_method_returns_correct_result_with_permissions" time="0.001"></testcase><testcase classname="test.unit.calc_test.TestCalculate" name="test_multiply_method_fails_with_invalid_permissions" time="0.001"></testcase><testcase classname="test.unit.calc_test.TestCalculate" name="test_multiply_method_falla_con_datos_errados" time="0.001"></testcase><testcase classname="test.unit.calc_test.TestCalculate" name="test_multiply_method_returns_correct_result" time="0.001"></testcase><testcase classname="test.unit.calc_test.TestCalculate" name="test_multiply_method_returns_resultado_exitoso" time="0.001"></testcase><testcase classname="test.unit.calc_test.TestCalculate" name="test_power_method_fails_with_invalid_permissions" time="0.001"></testcase><testcase classname="test.unit.calc_test.TestCalculate" name="test_power_method_falla_con_datos_errados" time="0.001"></testcase><testcase classname="test.unit.calc_test.TestCalculate" name="test_power_method_returns_correct_result" time="0.001"></testcase><testcase classname="test.unit.calc_test.TestCalculate" name="test_power_method_returns_correct_result_with_permissions" time="0.001"></testcase><testcase classname="test.unit.calc_test.TestCalculate" name="test_sqrt_method_fails_with_invalid_permissions" time="0.001"></testcase><testcase classname="test.unit.calc_test.TestCalculate" name="test_sqrt_method_falla_con_datos_errados" time="0.001"></testcase><testcase classname="test.unit.calc_test.TestCalculate" name="test_sqrt_method_returns_correct_result" time="0.000"></testcase><testcase classname="test.unit.calc_test.TestCalculate" name="test_sqrt_method_returns_correct_result_with_permissions" time="0.001"></testcase><testcase classname="test.unit.calc_test.TestCalculate" name="test_substract_method_fails_with_invalid_permissions" time="0.001"></testcase><testcase classname="test.unit.calc_test.TestCalculate" name="test_substract_method_falla_con_datos_errados" time="0.001"></testcase><testcase classname="test.unit.calc_test.TestCalculate" name="test_substract_method_returns_correct_result" time="0.001"></testcase><testcase classname="test.unit.calc_test.TestCalculate" name="test_substract_method_returns_correct_result_with_permissions" time="0.001"></testcase><testcase classname="test.unit.util_test.TestUtil" name="test_convert_to_number_correct_param" time="0.001"></testcase><testcase classname="test.unit.util_test.TestUtil" name="test_convert_to_number_invalid_type" time="0.001"></testcase><testcase classname="test.unit.util_test.TestUtil" name="test_invalid_convert_to_number_correct_param" time="0.001"></testcase><testcase classname="test.unit.util_test.TestUtil" name="test_invalid_convert_to_number_invalid_type" time="0.001"></testcase></testsuite></testsuites>